Arguments: 
  /home/josemorista/.nvm/versions/node/v14.17.0/bin/node /home/josemorista/.nvm/versions/node/v14.17.0/bin/yarn add Koa

PATH: 
  /home/josemorista/.yarn/bin:/home/josemorista/.nvm/versions/node/v14.17.0/bin:/home/josemorista/.npm-global/bin:/usr/local/bin:/usr/bin:/usr/local/sbin:/var/lib/flatpak/exports/bin:/usr/lib/jvm/default/bin:/usr/bin/site_perl:/usr/bin/vendor_perl:/usr/bin/core_perl

Yarn version: 
  1.22.10

Node version: 
  14.17.0

Platform: 
  linux x64

Trace: 
  Error: https://registry.yarnpkg.com/Koa: Not found
      at Request.params.callback [as _callback] (/home/josemorista/.nvm/versions/node/v14.17.0/lib/node_modules/yarn/lib/cli.js:66988:18)
      at Request.self.callback (/home/josemorista/.nvm/versions/node/v14.17.0/lib/node_modules/yarn/lib/cli.js:140662:22)
      at Request.emit (events.js:376:20)
      at Request.<anonymous> (/home/josemorista/.nvm/versions/node/v14.17.0/lib/node_modules/yarn/lib/cli.js:141634:10)
      at Request.emit (events.js:376:20)
      at IncomingMessage.<anonymous> (/home/josemorista/.nvm/versions/node/v14.17.0/lib/node_modules/yarn/lib/cli.js:141556:12)
      at Object.onceWrapper (events.js:482:28)
      at IncomingMessage.emit (events.js:388:22)
      at endReadableNT (internal/streams/readable.js:1336:12)
      at processTicksAndRejections (internal/process/task_queues.js:82:21)

npm manifest: 
  {
    "name": "node-pg",
    "version": "1.0.0",
    "main": "index.js",
    "license": "MIT"
  }

yarn manifest: 
  No manifest

Lockfile: 
  No lockfile
